Arguments: 
  /usr/local/bin/node /opt/yarn-v1.22.19/bin/yarn.js cache clean

PATH: 
  /usr/local/sbin:/usr/local/bin:/usr/sbin:/usr/bin:/sbin:/bin

Yarn version: 
  1.22.19

Node version: 
  20.4.0

Platform: 
  linux x64

Trace: 
  SyntaxError: /app/package.json: Expected double-quoted property name in JSON at position 258
      at JSON.parse (<anonymous>)
      at /opt/yarn-v1.22.19/lib/cli.js:1629:59
      at Generator.next (<anonymous>)
      at step (/opt/yarn-v1.22.19/lib/cli.js:310:30)
      at /opt/yarn-v1.22.19/lib/cli.js:321:13

npm manifest: 
  {
    "name": "todo-app",
    "version": "1.0.0",
    "description": "- Start MySQL\r - Run your app with MySQL\r - Create a Docker Compose file\r - Run the application stack\r - Clean up resources\r - Next steps",
    "main": "index.js",
    "devDependencies": {},
    },
    "author": "Shan Konduru",
    "license": "ISC"
  }

yarn manifest: 
  No manifest

Lockfile: 
  # THIS IS AN AUTOGENERATED FILE. DO NOT EDIT THIS FILE DIRECTLY.
  # yarn lockfile v1
